<?xml version="1.0" encoding="UTF-8"?>
<!-- Generated by org.testng.reporters.JUnitXMLReporter -->
<testsuite ignored="0" hostname="MSI" failures="0" tests="12" name="Run Chorme" time="45.806" errors="0" timestamp="2024-07-18T20:13:22 ICT">
  <testcase classname="com.nopcormerce.admin.Nop_08_Admin" name="@BeforeClass beforeClass" time="45.498">
    <failure type="org.openqa.selenium.TimeoutException" message="Expected condition failed: waiting for element to be clickable: By.xpath: //ul[@class=&amp;apos;nav nav-treeview&amp;apos;]//li//p[normalize-space()=&amp;apos;Products&amp;apos;] (tried for 30 second(s) with 500 milliseconds interval)">
      <![CDATA[org.openqa.selenium.TimeoutException: Expected condition failed: waiting for element to be clickable: By.xpath: //ul[@class='nav nav-treeview']//li//p[normalize-space()='Products'] (tried for 30 second(s) with 500 milliseconds interval)
at org.openqa.selenium.support.ui.WebDriverWait.timeoutException(WebDriverWait.java:84)
at org.openqa.selenium.support.ui.FluentWait.until(FluentWait.java:228)
at commons.BasePage.waitToElementClickable(BasePage.java:324)
at pageObject.Admin_DashboardPageObject.clickToProductOfCatolog(Admin_DashboardPageObject.java:23)
at com.nopcormerce.admin.Nop_08_Admin.beforeClass(Nop_08_Admin.java:32)
at java.base/java.util.ArrayList.forEach(ArrayList.java:1511)
Caused by: org.openqa.selenium.NoSuchWindowException: no such window: target window already closed
from unknown error: web view not found
  (Session info: chrome=126.0.6478.182)
Build info: version: '4.18.1', revision: 'b1d3319b48'
System info: os.name: 'Windows 11', os.arch: 'amd64', os.version: '10.0', java.version: '17.0.10'
Driver info: org.openqa.selenium.chrome.ChromeDriver
Command: [1677a54a2eca6e4625eea97b3b3d26f5, findElement {using=xpath, value=//ul[@class='nav nav-treeview']//li//p[normalize-space()='Products']}]
Capabilities {acceptInsecureCerts: false, browserName: chrome, browserVersion: 126.0.6478.182, chrome: {chromedriverVersion: 126.0.6478.182 (5b5d8292ddf..., userDataDir: C:\Users\huuvi\AppData\Loca...}, fedcm:accounts: true, goog:chromeOptions: {debuggerAddress: localhost:50483}, networkConnectionEnabled: false, pageLoadStrategy: normal, platformName: windows, proxy: Proxy(), se:cdp: ws://localhost:50483/devtoo..., se:cdpVersion: 126.0.6478.182, setWindowRect: true, strictFileInteractability: false, timeouts: {implicit: 0, pageLoad: 300000, script: 30000}, unhandledPromptBehavior: dismiss and notify, webauthn:extension:credBlob: true, webauthn:extension:largeBlob: true, webauthn:extension:minPinLength: true, webauthn:extension:prf: true, webauthn:virtualAuthenticators: true}
Session ID: 1677a54a2eca6e4625eea97b3b3d26f5
at org.openqa.selenium.remote.ErrorCodec.decode(ErrorCodec.java:167)
at org.openqa.selenium.remote.codec.w3c.W3CHttpResponseCodec.decode(W3CHttpResponseCodec.java:138)
at org.openqa.selenium.remote.codec.w3c.W3CHttpResponseCodec.decode(W3CHttpResponseCodec.java:50)
at org.openqa.selenium.remote.HttpCommandExecutor.execute(HttpCommandExecutor.java:190)
at org.openqa.selenium.remote.service.DriverCommandExecutor.invokeExecute(DriverCommandExecutor.java:216)
at org.openqa.selenium.remote.service.DriverCommandExecutor.execute(DriverCommandExecutor.java:174)
at org.openqa.selenium.remote.RemoteWebDriver.execute(RemoteWebDriver.java:519)
at org.openqa.selenium.remote.ElementLocation$ElementFinder$2.findElement(ElementLocation.java:165)
at org.openqa.selenium.remote.ElementLocation.findElement(ElementLocation.java:59)
at org.openqa.selenium.remote.RemoteWebDriver.findElement(RemoteWebDriver.java:356)
at org.openqa.selenium.remote.RemoteWebDriver.findElement(RemoteWebDriver.java:350)
at org.openqa.selenium.support.ui.ExpectedConditions$7.apply(ExpectedConditions.java:194)
at org.openqa.selenium.support.ui.ExpectedConditions$7.apply(ExpectedConditions.java:190)
at org.openqa.selenium.support.ui.ExpectedConditions$22.apply(ExpectedConditions.java:627)
at org.openqa.selenium.support.ui.ExpectedConditions$22.apply(ExpectedConditions.java:624)
at org.openqa.selenium.support.ui.FluentWait.until(FluentWait.java:203)
... 29 more
... Removed 29 stack frames]]>
    </failure>
  </testcase> <!-- @BeforeClass beforeClass -->
  <testcase classname="com.nopcormerce.admin.Nop_08_Admin" name="@AfterClass afterClass" time="0.0">
    <skipped/>
  </testcase> <!-- @AfterClass afterClass -->
  <testcase classname="com.nopcormerce.admin.Nop_08_Admin" name="TC_01_Add_Product_To_Cart" time="0.0">
    <skipped/>
  </testcase> <!-- TC_01_Add_Product_To_Cart -->
  <testcase classname="com.nopcormerce.admin.Nop_08_Admin" name="TC_02_Search_With_Product" time="0.0">
    <skipped/>
  </testcase> <!-- TC_02_Search_With_Product -->
  <testcase classname="com.nopcormerce.admin.Nop_08_Admin" name="TC_03_Search_With_Product_Parent_Category" time="0.0">
    <skipped/>
  </testcase> <!-- TC_03_Search_With_Product_Parent_Category -->
  <testcase classname="com.nopcormerce.admin.Nop_08_Admin" name="TC_04_Search_With_Product_Child_Category" time="0.0">
    <skipped/>
  </testcase> <!-- TC_04_Search_With_Product_Child_Category -->
  <testcase classname="com.nopcormerce.admin.Nop_08_Admin" name="TC_05_Search_With_Product_Manufacture" time="0.0">
    <skipped/>
  </testcase> <!-- TC_05_Search_With_Product_Manufacture -->
  <testcase classname="com.nopcormerce.admin.Nop_08_Admin" name="TC_06_Go_Directly_Product_SKU" time="0.001">
    <skipped/>
  </testcase> <!-- TC_06_Go_Directly_Product_SKU -->
  <testcase classname="com.nopcormerce.admin.Nop_08_Admin" name="TC_07_Add_New_Customer" time="0.0">
    <skipped/>
  </testcase> <!-- TC_07_Add_New_Customer -->
  <testcase classname="com.nopcormerce.admin.Nop_08_Admin" name="TC_08_Search_Customer_With_Email" time="0.0">
    <skipped/>
  </testcase> <!-- TC_08_Search_Customer_With_Email -->
  <testcase classname="com.nopcormerce.admin.Nop_08_Admin" name="TC_09_Search_Customer_With_FirstName_Lastname" time="0.0">
    <skipped/>
  </testcase> <!-- TC_09_Search_Customer_With_FirstName_Lastname -->
  <testcase classname="com.nopcormerce.admin.Nop_08_Admin" name="TC_10_Search_Customer_With_Company" time="0.0">
    <skipped/>
  </testcase> <!-- TC_10_Search_Customer_With_Company -->
  <testcase classname="com.nopcormerce.admin.Nop_08_Admin" name="TC_11_Search_Customer_With_Full_Data" time="0.0">
    <skipped/>
  </testcase> <!-- TC_11_Search_Customer_With_Full_Data -->
  <testcase classname="com.nopcormerce.admin.Nop_08_Admin" name="TC_12_Search_Customer_With_Full_Data" time="0.0">
    <skipped/>
  </testcase> <!-- TC_12_Search_Customer_With_Full_Data -->
</testsuite> <!-- Run Chorme -->
